<?xml version="1.0" encoding="UTF-8"?>
<testng-results ignored="0" total="1" passed="1" failed="0" skipped="0">
  <reporter-output>
  </reporter-output>
  <suite started-at="2022-12-04T22:56:43 EST" name="Default suite" finished-at="2022-12-04T22:56:45 EST" duration-ms="2726">
    <groups>
    </groups>
    <test started-at="2022-12-04T22:56:43 EST" name="Default test" finished-at="2022-12-04T22:56:45 EST" duration-ms="2726">
      <class name="test10.Class10">
        <test-method signature="Testing()[pri:0, instance:test10.Class10@bae7dc0]" started-at="2022-12-04T22:56:43 EST" name="Testing" finished-at="2022-12-04T22:56:45 EST" duration-ms="2701" status="PASS">
          <reporter-output>
          </reporter-output>
        </test-method> <!-- Testing -->
      </class> <!-- test10.Class10 -->
    </test> <!-- Default test -->
  </suite> <!-- Default suite -->
</testng-results>
